
Showing logs for build [32mcb-kubecd-bdd-ghfjxy-1568821185-gws7q-1[0m stage [32mmeta-pipeline[0m and container [32mstep-credential-initializer-shpgm[0m
{"level":"warn","ts":1568821516.410866,"logger":"fallback-logger","caller":"logging/config.go:69","msg":"Fetch GitHub commit ID from kodata failed: \"ref: refs/heads/master\" is not a valid GitHub commit ID"}
{"level":"info","ts":1568821516.4119942,"logger":"fallback-logger","caller":"creds-init/main.go:40","msg":"Credentials initialized."}

Showing logs for build [32mcb-kubecd-bdd-ghfjxy-1568821185-gws7q-1[0m stage [32mmeta-pipeline[0m and container [32mstep-working-dir-initializer-kbvnk[0m
{"level":"warn","ts":1568821517.7530136,"logger":"fallback-logger","caller":"logging/config.go:69","msg":"Fetch GitHub commit ID from kodata failed: open /var/run/ko/HEAD: no such file or directory"}
{"level":"info","ts":1568821517.7549484,"logger":"fallback-logger","caller":"bash/main.go:65","msg":"Successfully executed command \"mkdir -p /workspace/source\""}

Showing logs for build [32mcb-kubecd-bdd-ghfjxy-1568821185-gws7q-1[0m stage [32mmeta-pipeline[0m and container [32mstep-place-tools[0m

Showing logs for build [32mcb-kubecd-bdd-ghfjxy-1568821185-gws7q-1[0m stage [32mmeta-pipeline[0m and container [32mstep-git-source-meta-cb-kubecd-bdd-ghfjxy-15688-bpzlq[0m
{"level":"warn","ts":1568821523.9203868,"logger":"fallback-logger","caller":"logging/config.go:69","msg":"Fetch GitHub commit ID from kodata failed: \"ref: refs/heads/master\" is not a valid GitHub commit ID"}
{"level":"info","ts":1568821525.075826,"logger":"fallback-logger","caller":"git/git.go:102","msg":"Successfully cloned https://github.com/cb-kubecd/bdd-ghf**y-1568821185.git @ 711f8ed2f85d86af1e287b9135b5e588bf27eaa7 in path /workspace/source"}

Showing logs for build [32mcb-kubecd-bdd-ghfjxy-1568821185-gws7q-1[0m stage [32mmeta-pipeline[0m and container [32mstep-git-merge[0m
Using SHAs from PULL_REFS=master:711f8ed2f85d86af1e287b9135b5e588bf27eaa7,1:b806ec5ff3703ecc6f966d14db79d66c7ff979cc
DEBUG: ran git fetch --unshallow origin b806ec5ff3703ecc6f966d14db79d66c7ff979cc: 711f8ed2f85d86af1e287b9135b5e588bf27eaa7: in 
DEBUG: ran git checkout master in 
DEBUG: ran git reset --hard 711f8ed2f85d86af1e287b9135b5e588bf27eaa7 in 
DEBUG: ran clean --force -d . in 
DEBUG: ran git merge b806ec5ff3703ecc6f966d14db79d66c7ff979cc in 
Merged SHA b806ec5ff3703ecc6f966d14db79d66c7ff979cc with commit message 'My first PR commit' into base branch master

Showing logs for build [32mcb-kubecd-bdd-ghfjxy-1568821185-gws7q-1[0m stage [32mmeta-pipeline[0m and container [32mstep-merge-pull-refs[0m
DEBUG: ran git fetch origin b806ec5ff3703ecc6f966d14db79d66c7ff979cc: 711f8ed2f85d86af1e287b9135b5e588bf27eaa7: in 
DEBUG: Unshallowed git repo in 
DEBUG: ran git checkout master in 
DEBUG: ran git reset --hard 711f8ed2f85d86af1e287b9135b5e588bf27eaa7 in 
DEBUG: ran clean --force -d . in 
DEBUG: ran git merge b806ec5ff3703ecc6f966d14db79d66c7ff979cc in 
Merged SHA b806ec5ff3703ecc6f966d14db79d66c7ff979cc with commit message 'My first PR commit' into base branch master

Showing logs for build [32mcb-kubecd-bdd-ghfjxy-1568821185-gws7q-1[0m stage [32mmeta-pipeline[0m and container [32mstep-create-effective-pipeline[0m
Deleting and cloning the Jenkins X versions repo
Cloning the Jenkins X versions repo https://github.com/jenkins-x/jenkins-x-versions.git with ref refs/heads/master to /builder/home/.**/jenkins-x-versions
performing pack detection in folder /workspace/source
--> Draft detected YAML (67.752116%)
--> Could not find a pack for YAML. Trying to find the next likely language match...
--> Draft detected RPM Spec (14.854397%)
--> Could not find a pack for RPM Spec. Trying to find the next likely language match...
--> Draft detected Coq (6.799598%)
--> Could not find a pack for Coq. Trying to find the next likely language match...
--> Draft detected Smarty (3.701047%)
--> Could not find a pack for Smarty. Trying to find the next likely language match...
--> Draft detected Go (2.904892%)
selected pack: /builder/home/.**/draft/packs/github.com/jenkins-x-buildpacks/jenkins-x-kubernetes/packs/go
Effective pipeline written to jenkins-x-serverless-jenkins-effective.yml

Showing logs for build [32mcb-kubecd-bdd-ghfjxy-1568821185-gws7q-1[0m stage [32mmeta-pipeline[0m and container [32mstep-create-tekton-crds[0m
PipelineActivity for cb-kubecd-bdd-ghf**y-1568821185-PR-1-1
Applying changes 
upserted PipelineResource cb-kubecd-bdd-ghf**y-1568821185 for the git repository https://github.com/cb-kubecd/bdd-ghf**y-1568821185.git
upserted Task cb-kubecd-bdd-ghf**y-1568821185-gws7q-run-make-1
upserted Task cb-kubecd-bdd-ghf**y-1568821185-gws7q-everything-else-1
upserted Pipeline cb-kubecd-bdd-ghf**y-1568821185-gws7q-1
created PipelineRun cb-kubecd-bdd-ghf**y-1568821185-gws7q-1
created PipelineStructure cb-kubecd-bdd-ghf**y-1568821185-gws7q-1

Showing logs for build [32mcb-kubecd-bdd-ghfjxy-1568821185-gws7q-1[0m stage [32mrun-make[0m and container [32mstep-credential-initializer-8hgsz[0m
{"level":"warn","ts":1568821549.7274168,"logger":"fallback-logger","caller":"logging/config.go:69","msg":"Fetch GitHub commit ID from kodata failed: \"ref: refs/heads/master\" is not a valid GitHub commit ID"}
{"level":"info","ts":1568821549.7279887,"logger":"fallback-logger","caller":"creds-init/main.go:40","msg":"Credentials initialized."}

Showing logs for build [32mcb-kubecd-bdd-ghfjxy-1568821185-gws7q-1[0m stage [32mrun-make[0m and container [32mstep-working-dir-initializer-c5k7v[0m
{"level":"warn","ts":1568821550.8831038,"logger":"fallback-logger","caller":"logging/config.go:69","msg":"Fetch GitHub commit ID from kodata failed: open /var/run/ko/HEAD: no such file or directory"}
{"level":"info","ts":1568821550.884969,"logger":"fallback-logger","caller":"bash/main.go:65","msg":"Successfully executed command \"mkdir -p /workspace/source\""}

Showing logs for build [32mcb-kubecd-bdd-ghfjxy-1568821185-gws7q-1[0m stage [32mrun-make[0m and container [32mstep-place-tools[0m

Showing logs for build [32mcb-kubecd-bdd-ghfjxy-1568821185-gws7q-1[0m stage [32mrun-make[0m and container [32mstep-git-source-cb-kubecd-bdd-ghfjxy-1568821185-kwjdm[0m
{"level":"warn","ts":1568821556.9609585,"logger":"fallback-logger","caller":"logging/config.go:69","msg":"Fetch GitHub commit ID from kodata failed: \"ref: refs/heads/master\" is not a valid GitHub commit ID"}
{"level":"info","ts":1568821557.9933891,"logger":"fallback-logger","caller":"git/git.go:102","msg":"Successfully cloned https://github.com/cb-kubecd/bdd-ghf**y-1568821185.git @ master in path /workspace/source"}

Showing logs for build [32mcb-kubecd-bdd-ghfjxy-1568821185-gws7q-1[0m stage [32mrun-make[0m and container [32mstep-git-merge[0m
Using SHAs from PULL_REFS=master:711f8ed2f85d86af1e287b9135b5e588bf27eaa7,1:b806ec5ff3703ecc6f966d14db79d66c7ff979cc
DEBUG: ran git fetch --unshallow origin b806ec5ff3703ecc6f966d14db79d66c7ff979cc: 711f8ed2f85d86af1e287b9135b5e588bf27eaa7: in 
DEBUG: ran git checkout master in 
DEBUG: ran git reset --hard 711f8ed2f85d86af1e287b9135b5e588bf27eaa7 in 
DEBUG: ran clean --force -d . in 
DEBUG: ran git merge b806ec5ff3703ecc6f966d14db79d66c7ff979cc in 
Merged SHA b806ec5ff3703ecc6f966d14db79d66c7ff979cc with commit message 'My first PR commit' into base branch master

Showing logs for build [32mcb-kubecd-bdd-ghfjxy-1568821185-gws7q-1[0m stage [32mrun-make[0m and container [32mstep-build-make-linux[0m
CGO_ENABLED=0 GOOS=linux GOARCH=amd64 GO15VENDOREXPERIMENT=1 go build -ldflags '' -o bin/bdd-ghf**y-1568821185 main.go

Showing logs for build [32mcb-kubecd-bdd-ghfjxy-1568821185-gws7q-1[0m stage [32mrun-make[0m and container [32mstep-source-mkdir-cb-kubecd-bdd-ghfjxy-1568821185-qr7sg[0m
{"level":"warn","ts":1568821565.9117203,"logger":"fallback-logger","caller":"logging/config.go:69","msg":"Fetch GitHub commit ID from kodata failed: open /var/run/ko/HEAD: no such file or directory"}
{"level":"info","ts":1568821565.9700773,"logger":"fallback-logger","caller":"bash/main.go:65","msg":"Successfully executed command \"mkdir -p /pvc/run-make/workspace\""}

Showing logs for build [32mcb-kubecd-bdd-ghfjxy-1568821185-gws7q-1[0m stage [32mrun-make[0m and container [32mstep-source-copy-cb-kubecd-bdd-ghfjxy-1568821185-j9qs8[0m
{"level":"warn","ts":1568821566.1885858,"logger":"fallback-logger","caller":"logging/config.go:69","msg":"Fetch GitHub commit ID from kodata failed: open /var/run/ko/HEAD: no such file or directory"}
{"level":"info","ts":1568821566.2032242,"logger":"fallback-logger","caller":"bash/main.go:65","msg":"Successfully executed command \"cp -r /workspace/source/. /pvc/run-make/workspace\""}

Showing logs for build [32mcb-kubecd-bdd-ghfjxy-1568821185-gws7q-1[0m stage [32meverything-else[0m and container [32mstep-credential-initializer-9hg87[0m
{"level":"warn","ts":1568821574.046533,"logger":"fallback-logger","caller":"logging/config.go:69","msg":"Fetch GitHub commit ID from kodata failed: \"ref: refs/heads/master\" is not a valid GitHub commit ID"}
{"level":"info","ts":1568821574.0472484,"logger":"fallback-logger","caller":"creds-init/main.go:40","msg":"Credentials initialized."}

Showing logs for build [32mcb-kubecd-bdd-ghfjxy-1568821185-gws7q-1[0m stage [32meverything-else[0m and container [32mstep-working-dir-initializer-mx5vg[0m
{"level":"warn","ts":1568821575.0570447,"logger":"fallback-logger","caller":"logging/config.go:69","msg":"Fetch GitHub commit ID from kodata failed: open /var/run/ko/HEAD: no such file or directory"}
{"level":"info","ts":1568821575.0583565,"logger":"fallback-logger","caller":"bash/main.go:65","msg":"Successfully executed command \"mkdir -p /workspace/source /workspace/source/charts/preview\""}

Showing logs for build [32mcb-kubecd-bdd-ghfjxy-1568821185-gws7q-1[0m stage [32meverything-else[0m and container [32mstep-place-tools[0m

Showing logs for build [32mcb-kubecd-bdd-ghfjxy-1568821185-gws7q-1[0m stage [32meverything-else[0m and container [32mstep-create-dir-workspace-8ww7q[0m
{"level":"warn","ts":1568821583.2923555,"logger":"fallback-logger","caller":"logging/config.go:69","msg":"Fetch GitHub commit ID from kodata failed: open /var/run/ko/HEAD: no such file or directory"}
{"level":"info","ts":1568821583.295051,"logger":"fallback-logger","caller":"bash/main.go:65","msg":"Successfully executed command \"mkdir -p /workspace/source\""}

Showing logs for build [32mcb-kubecd-bdd-ghfjxy-1568821185-gws7q-1[0m stage [32meverything-else[0m and container [32mstep-source-copy-workspace-nvfxw[0m
{"level":"warn","ts":1568821583.6110764,"logger":"fallback-logger","caller":"logging/config.go:69","msg":"Fetch GitHub commit ID from kodata failed: open /var/run/ko/HEAD: no such file or directory"}
{"level":"info","ts":1568821583.8771896,"logger":"fallback-logger","caller":"bash/main.go:65","msg":"Successfully executed command \"cp -r /pvc/run-make/workspace/. /workspace/source\""}

Showing logs for build [32mcb-kubecd-bdd-ghfjxy-1568821185-gws7q-1[0m stage [32meverything-else[0m and container [32mstep-build-container-build[0m
[36mINFO[0m[0000] No base image, nothing to extract            
[36mINFO[0m[0000] cmd: EXPOSE                                  
[36mINFO[0m[0000] Adding exposed port: 8080/tcp                
[36mINFO[0m[0000] Using files from context: [/workspace/source/bin] 
[36mINFO[0m[0000] Skipping unpacking as no commands require it. 
[36mINFO[0m[0000] Taking snapshot of full filesystem...        
[36mINFO[0m[0000] EXPOSE 8080                                  
[36mINFO[0m[0000] cmd: EXPOSE                                  
[36mINFO[0m[0000] Adding exposed port: 8080/tcp                
[36mINFO[0m[0000] No files changed in this command, skipping snapshotting. 
[36mINFO[0m[0000] ENTRYPOINT ["/bdd-ghf**y-1568821185"]        
[36mINFO[0m[0000] No files changed in this command, skipping snapshotting. 
[36mINFO[0m[0000] Using files from context: [/workspace/source/bin] 
[36mINFO[0m[0000] COPY ./bin/ /                                
[36mINFO[0m[0000] Taking snapshot of files...                  
2019/09/18 15:46:29 pushed blob: sha256:7357daa45bb5f13ddf68994cefe2ba20cddec42559fb040f91bc8af9e048f1fd
2019/09/18 15:46:30 pushed blob: sha256:9dfd266eccae5892d057b100b050f03be23ff161e38b5601407312d039b44a82
2019/09/18 15:46:32 gcr.io/jenkins-x-bdd3/bdd-ghf**y-1568821185:0.0.0-SNAPSHOT-PR-1-1: digest: sha256:1c9a28dc91a0d099a6ca29bb541f7485c811345c0376555e3bc5c47fb8d2dafb size: 428

Showing logs for build [32mcb-kubecd-bdd-ghfjxy-1568821185-gws7q-1[0m stage [32meverything-else[0m and container [32mstep-postbuild-post-build[0m
no CVE provider running in the current ** namespace so skip adding image to be analysed

Showing logs for build [32mcb-kubecd-bdd-ghfjxy-1568821185-gws7q-1[0m stage [32meverything-else[0m and container [32mstep-promote-make-preview[0m
sed -i -e "s/version:.*/version: 0.0.0-SNAPSHOT-PR-1-1/" Chart.yaml
sed -i -e "s/version:.*/version: 0.0.0-SNAPSHOT-PR-1-1/" ../*/Chart.yaml
sed -i -e "s|repository:.*|repository: gcr.io\/jenkins-x-bdd3\/bdd-ghf**y-1568821185|" values.yaml
sed -i -e "s/tag:.*/tag: 0.0.0-SNAPSHOT-PR-1-1/" values.yaml
echo "  version: 0.0.0-SNAPSHOT-PR-1-1" >> requirements.yaml
** step helm build
WARNING: No $CHART_REPOSITORY defined so using the default value of: http://jenkins-x-chartmuseum:8080
Adding missing Helm repo: storage.googleapis.com https://storage.googleapis.com/chartmuseum.jenkins-x.io
Successfully added Helm repository storage.googleapis.com.
Adding missing Helm repo: jenkins-x-chartmuseum http://jenkins-x-chartmuseum:8080
Successfully added Helm repository jenkins-x-chartmuseum.
WARNING: No $CHART_REPOSITORY defined so using the default value of: http://jenkins-x-chartmuseum:8080
Adding missing Helm repo: chartmuseum.jenkins-x.io http://chartmuseum.jenkins-x.io
Successfully added Helm repository chartmuseum.jenkins-x.io.

Showing logs for build [32mcb-kubecd-bdd-ghfjxy-1568821185-gws7q-1[0m stage [32meverything-else[0m and container [32mstep-promote-jx-preview[0m
Creating a preview
WARNING: No author for commit: b806ec5ff3703ecc6f966d14db79d66c7ff979cc
Created environment cb-kubecd-bdd-ghf**y-1568821185-pr-1
Namespace **-cb-kubecd-bdd-ghf**y-1568821185-pr-1 created 
expose:
  Annotations:
    helm.sh/hook: post-install,post-upgrade
    helm.sh/hook-delete-policy: hook-succeeded
  config:
    domain: 35.240.106.239.nip.io
    exposer: Ingress
    http: "true"
preview:
  image:
    repository: gcr.io/jenkins-x-bdd3/bdd-ghf**y-1568821185
    tag: 0.0.0-SNAPSHOT-PR-1-1
Deleting and cloning the Jenkins X versions repo
Cloning the Jenkins X versions repo https://github.com/jenkins-x/jenkins-x-versions.git with ref refs/heads/master to /builder/home/.**/jenkins-x-versions


Updating PipelineActivities cb-kubecd-bdd-ghf**y-1568821185-pr-1-1 which has status Running
WARNING: preview application http://bdd-ghf**y-1568821185.**-cb-kubecd-bdd-ghf**y-1568821185-pr-1.35.240.106.239.nip.io not available, error was 503 503 Service Temporarily Unavailable, delaying for: 1.252573036s
WARNING: preview application http://bdd-ghf**y-1568821185.**-cb-kubecd-bdd-ghf**y-1568821185-pr-1.35.240.106.239.nip.io not available, error was 503 503 Service Temporarily Unavailable, delaying for: 1.795078749s
WARNING: preview application http://bdd-ghf**y-1568821185.**-cb-kubecd-bdd-ghf**y-1568821185-pr-1.35.240.106.239.nip.io not available, error was 503 503 Service Temporarily Unavailable, delaying for: 1.481238625s
Preview application is now available at: http://bdd-ghf**y-1568821185.**-cb-kubecd-bdd-ghf**y-1568821185-pr-1.35.240.106.239.nip.io
